{"type":"log","@timestamp":"2017-05-19T17:32:50Z","tags":["status","plugin:kibana@5.4.0","info"],"pid":269,"state":"green","message":"Status changed from uninitialized to green - Ready","prevState":"uninitialized","prevMsg":"uninitialized"}
{"type":"log","@timestamp":"2017-05-19T17:32:50Z","tags":["status","plugin:elasticsearch@5.4.0","info"],"pid":269,"state":"yellow","message":"Status changed from uninitialized to yellow - Waiting for Elasticsearch","prevState":"uninitialized","prevMsg":"uninitialized"}
{"type":"log","@timestamp":"2017-05-19T17:32:50Z","tags":["status","plugin:console@5.4.0","info"],"pid":269,"state":"green","message":"Status changed from uninitialized to green - Ready","prevState":"uninitialized","prevMsg":"uninitialized"}
{"type":"log","@timestamp":"2017-05-19T17:32:50Z","tags":["status","plugin:metrics@5.4.0","info"],"pid":269,"state":"green","message":"Status changed from uninitialized to green - Ready","prevState":"uninitialized","prevMsg":"uninitialized"}
{"type":"log","@timestamp":"2017-05-19T17:32:50Z","tags":["status","plugin:timelion@5.4.0","info"],"pid":269,"state":"green","message":"Status changed from uninitialized to green - Ready","prevState":"uninitialized","prevMsg":"uninitialized"}
{"type":"log","@timestamp":"2017-05-19T17:32:50Z","tags":["listening","info"],"pid":269,"message":"Server running at http://0.0.0.0:5601"}
{"type":"log","@timestamp":"2017-05-19T17:32:50Z","tags":["status","ui settings","info"],"pid":269,"state":"yellow","message":"Status changed from uninitialized to yellow - Elasticsearch plugin is yellow","prevState":"uninitialized","prevMsg":"uninitialized"}
{"type":"log","@timestamp":"2017-05-19T17:32:55Z","tags":["status","plugin:elasticsearch@5.4.0","info"],"pid":269,"state":"yellow","message":"Status changed from yellow to yellow - No existing Kibana index found","prevState":"yellow","prevMsg":"Waiting for Elasticsearch"}
{"type":"log","@timestamp":"2017-05-19T17:32:56Z","tags":["status","plugin:elasticsearch@5.4.0","info"],"pid":269,"state":"green","message":"Status changed from yellow to green - Kibana index ready","prevState":"yellow","prevMsg":"No existing Kibana index found"}
{"type":"log","@timestamp":"2017-05-19T17:32:56Z","tags":["status","ui settings","info"],"pid":269,"state":"green","message":"Status changed from yellow to green - Ready","prevState":"yellow","prevMsg":"Elasticsearch plugin is yellow"}
{"type":"log","@timestamp":"2017-05-19T17:43:52Z","tags":["error","elasticsearch","admin"],"pid":269,"message":"Request error, retrying\nHEAD http://localhost:9200/ => connect ECONNREFUSED 127.0.0.1:9200"}
{"type":"log","@timestamp":"2017-05-19T17:43:52Z","tags":["warning","elasticsearch","admin"],"pid":269,"message":"Unable to revive connection: http://localhost:9200/"}
{"type":"log","@timestamp":"2017-05-19T17:43:52Z","tags":["warning","elasticsearch","admin"],"pid":269,"message":"No living connections"}
{"type":"log","@timestamp":"2017-05-19T17:43:52Z","tags":["status","plugin:elasticsearch@5.4.0","error"],"pid":269,"state":"red","message":"Status changed from green to red - Unable to connect to Elasticsearch at http://localhost:9200.","prevState":"green","prevMsg":"Kibana index ready"}
{"type":"log","@timestamp":"2017-05-19T17:43:52Z","tags":["status","ui settings","error"],"pid":269,"state":"red","message":"Status changed from green to red - Elasticsearch plugin is red","prevState":"green","prevMsg":"Ready"}
{"type":"log","@timestamp":"2017-05-19T17:43:54Z","tags":["warning","elasticsearch","admin"],"pid":269,"message":"Unable to revive connection: http://localhost:9200/"}
{"type":"log","@timestamp":"2017-05-19T17:43:54Z","tags":["warning","elasticsearch","admin"],"pid":269,"message":"No living connections"}
{"type":"log","@timestamp":"2017-05-19T17:47:59Z","tags":["status","plugin:kibana@5.4.0","info"],"pid":174,"state":"green","message":"Status changed from uninitialized to green - Ready","prevState":"uninitialized","prevMsg":"uninitialized"}
{"type":"log","@timestamp":"2017-05-19T17:47:59Z","tags":["status","plugin:elasticsearch@5.4.0","info"],"pid":174,"state":"yellow","message":"Status changed from uninitialized to yellow - Waiting for Elasticsearch","prevState":"uninitialized","prevMsg":"uninitialized"}
{"type":"log","@timestamp":"2017-05-19T17:47:59Z","tags":["status","plugin:console@5.4.0","info"],"pid":174,"state":"green","message":"Status changed from uninitialized to green - Ready","prevState":"uninitialized","prevMsg":"uninitialized"}
{"type":"log","@timestamp":"2017-05-19T17:47:59Z","tags":["status","plugin:metrics@5.4.0","info"],"pid":174,"state":"green","message":"Status changed from uninitialized to green - Ready","prevState":"uninitialized","prevMsg":"uninitialized"}
{"type":"log","@timestamp":"2017-05-19T17:47:59Z","tags":["status","plugin:timelion@5.4.0","info"],"pid":174,"state":"green","message":"Status changed from uninitialized to green - Ready","prevState":"uninitialized","prevMsg":"uninitialized"}
{"type":"log","@timestamp":"2017-05-19T17:47:59Z","tags":["listening","info"],"pid":174,"message":"Server running at http://0.0.0.0:5601"}
{"type":"log","@timestamp":"2017-05-19T17:47:59Z","tags":["status","ui settings","info"],"pid":174,"state":"yellow","message":"Status changed from uninitialized to yellow - Elasticsearch plugin is yellow","prevState":"uninitialized","prevMsg":"uninitialized"}
{"type":"log","@timestamp":"2017-05-19T17:48:04Z","tags":["status","plugin:elasticsearch@5.4.0","info"],"pid":174,"state":"yellow","message":"Status changed from yellow to yellow - No existing Kibana index found","prevState":"yellow","prevMsg":"Waiting for Elasticsearch"}
{"type":"log","@timestamp":"2017-05-19T17:48:05Z","tags":["status","plugin:elasticsearch@5.4.0","info"],"pid":174,"state":"green","message":"Status changed from yellow to green - Kibana index ready","prevState":"yellow","prevMsg":"No existing Kibana index found"}
{"type":"log","@timestamp":"2017-05-19T17:48:05Z","tags":["status","ui settings","info"],"pid":174,"state":"green","message":"Status changed from yellow to green - Ready","prevState":"yellow","prevMsg":"Elasticsearch plugin is yellow"}
